<?xml version="1.0" encoding="UTF-8"?>
<!-- Generated by org.testng.reporters.JUnitReportReporter -->
<testsuite skipped="0" hostname="DESKTOP-BM4NCDP" name="testngPrac.testngp.testcase" tests="1" failures="0" timestamp="02 Jan 2021 09:51:56 GMT" time="31.844" errors="0">
  <testcase name="searchAppTest" time="31.844" classname="testngPrac.testngp.testcase"/>
</testsuite> <!-- testngPrac.testngp.testcase -->
