<?xml version="1.0" encoding="UTF-8"?>
<!-- Generated by org.testng.reporters.JUnitReportReporter -->
<testsuite skipped="0" hostname="DESKTOP-BM4NCDP" name="testngPrac.testngp.testcase" tests="1" failures="0" timestamp="03 Dec 2020 03:55:44 GMT" time="17.515" errors="0">
  <testcase name="getlangOptionsTest" time="17.515" classname="testngPrac.testngp.testcase"/>
</testsuite> <!-- testngPrac.testngp.testcase -->
