<?xml version="1.0" encoding="UTF-8"?>
<!-- Generated by org.testng.reporters.JUnitReportReporter -->
<testsuite skipped="0" hostname="DESKTOP-BM4NCDP" name="testngPrac.testngp.testcase" tests="1" failures="0" timestamp="18 Dec 2020 16:48:28 GMT" time="49.033" errors="0">
  <testcase name="searchAppTest" time="49.033" classname="testngPrac.testngp.testcase"/>
</testsuite> <!-- testngPrac.testngp.testcase -->
