<?xml version="1.0" encoding="UTF-8"?>
<!-- Generated by org.testng.reporters.JUnitReportReporter -->
<testsuite skipped="0" hostname="DESKTOP-BM4NCDP" name="testngPrac.testngp.baseClass" tests="3" failures="0" timestamp="11 Nov 2020 04:51:06 GMT" time="0.025" errors="0">
  <testcase name="getGoogleImage" time="0.010" classname="testngPrac.testngp.baseClass"/>
  <testcase name="verifyCurrentUrl" time="0.009" classname="testngPrac.testngp.baseClass"/>
  <testcase name="verifyTitle" time="0.006" classname="testngPrac.testngp.baseClass"/>
</testsuite> <!-- testngPrac.testngp.baseClass -->
