<?xml version="1.0" encoding="UTF-8"?>
<!-- Generated by org.testng.reporters.JUnitReportReporter -->
<testsuite skipped="0" hostname="DESKTOP-BM4NCDP" name="testngPrac.testngp.testcase" tests="2" failures="0" timestamp="02 Jan 2021 10:56:28 GMT" time="43.293" errors="0">
  <testcase name="searchAppTest" time="29.198" classname="testngPrac.testngp.testcase"/>
  <testcase name="verifyTitleTest" time="14.095" classname="testngPrac.testngp.testcase"/>
</testsuite> <!-- testngPrac.testngp.testcase -->
